0	experiment_start user = 1, session = 1, mode = 1
0	STR	1	3	"voce teve uma otima ideia."
85	LIN	"c"
325	LOS	"c"
325	LIN	"b"
520	LOS	"b"
520	LIN	"c"
559	LOS	"c"
559	LIN	"d"
580	LOS	"d"
580	LIN	"e"
610	LOS	"e"
610	LIN	"f"
640	LOS	"f"
640	LIN	"g"
1119	LOS	"g"
1630	LIN	"c"
1930	LOS	"c"
1930	LIN	"i"
2080	LOS	"i"
2080	LIN	"f"
2110	LOS	"f"
2110	LIN	"e"
2140	LOS	"e"
2140	LIN	"b"
2169	LOS	"b"
2169	LIN	"a"
2590	LOS	"a"
2845	LIN	"a"
2875	LOS	"a"
2875	LIN	"k"
2905	LOS	"k"
2905	LIN	"r"
3016	TYP	"r"
3016	LOS	"r"
3265	LIN	"a"
3580	LOS	"a"
3685	LIN	"e"
3793	LOS	"e"
3793	LIN	"d"
3823	LOS	"d"
3823	LIN	"c"
3853	LOS	"c"
3853	LIN	"b"
